<?xml version="1.0" encoding="utf-8"?>
<!-- Proof of concept OVAL definitions based on the Samsung Knox Android 1.0 
STIG Version 1. These have not been endorsed or tested. Not all STIG rules are
included as definitions. -->
<oval_definitions xmlns:xsi="http://www.w3.org/2001/XMLSchema-instance" xmlns="http://oval.mitre.org/XMLSchema/oval-definitions-5" xmlns:oval-def="http://oval.mitre.org/XMLSchema/oval-definitions-5" xmlns:oval="http://oval.mitre.org/XMLSchema/oval-common-5" xmlns:unix-def="http://oval.mitre.org/XMLSchema/oval-definitions-5#unix" xsi:schemaLocation="http://oval.mitre.org/XMLSchema/oval-definitions-5 oval-definitions-schema.xsd http://oval.mitre.org/XMLSchema/oval-definitions-5#unix unix-definitions-schema.xsd http://oval.mitre.org/XMLSchema/x-android-definitions x-android-definitions.xsd">
  <generator>
    <oval:schema_version>5.10.1</oval:schema_version>
    <oval:timestamp>2014-04-24T09:25:03-04:00</oval:timestamp>
    <terms_of_use>Copyright (c) 2002-2014, The MITRE Corporation. All rights reserved. The contents of this file are subject to the license described in terms.txt.</terms_of_use>
  </generator>
  <definitions>
    <definition id="oval:test.android.knox.stig:def:100" version="1" class="compliance">
      <metadata>
        <title>The mobile operating system must employ mobile device management services to centrally manage configuration settings, including security policies.</title>
        <affected family="unix">
          <platform>Android</platform>
        </affected>
        <reference source="DISA" ref_id="KNOX-00-000100"/>
        <description>Security related parameters are those parameters impacting the security state of the system and include parameters related to the implementation of other IA controls. If these controls are not implemented, the system may be vulnerable to a variety of attacks. The use of an MDM allows an organization to assign values to security related parameters across all the devices it manages. This provides assurance that the required mobile OS security controls are being enforced, and that the device user or an adversary has not modified or disabled the controls. It also greatly increases efficiency and manageability of devices in a large scale environment relative to an environment in which each device must be configured separately.</description>
      </metadata>
      <criteria operator="AND">
        <criterion comment="Verify that an appropriate MDM agent is present on the device with device admin privileges." test_ref="oval:test.android.knox.stig:tst:100"/>
      </criteria>
    </definition>
    <definition id="oval:test.android.knox.stig:def:200" version="1" class="compliance">
      <metadata>
        <title>The mobile operating system must enforce a minimum length for the device unlock password.</title>
        <affected family="unix">
          <platform>Android</platform>
        </affected>
        <reference source="DISA" ref_id="KNOX-01-000200"/>
        <description>Password complexity, or strength, is a measure of the effectiveness of a password in resisting guessing and brute force attacks. The ability to crack a password is a function of how many times an attempt to crack the password, how quickly the adversary can do each attempt, and the size of the password space. The longer the minimum length of the password is, the larger the password space.</description>
      </metadata>
      <criteria operator="AND">
        <criterion comment="Verify that an appropriate passcode minimum length policy is in place." test_ref="oval:test.android.knox.stig:tst:200"/>
        <criteria operator="OR">
          <criterion comment="Password quality is PASSWORD_QUALITY_NUMERIC" test_ref="oval:test.android.knox.stig:tst:2001"/>
          <criterion comment="Password quality is PASSWORD_QUALITY_ALPHABETIC" test_ref="oval:test.android.knox.stig:tst:2002"/>
          <criterion comment="Password quality is PASSWORD_QUALITY_ALPHANUMERIC" test_ref="oval:test.android.knox.stig:tst:2003"/>
          <criterion comment="Password quality is PASSWORD_QUALITY_COMPLEX" test_ref="oval:test.android.knox.stig:tst:2004"/>
        </criteria>
      </criteria>
    </definition>
    <definition id="oval:test.android.knox.stig:def:300" version="1" class="compliance">
      <metadata>
        <title>The mobile operating system must lock the device after no more than 15 minutes of inactivity.</title>
        <affected family="unix">
          <platform>Android</platform>
        </affected>
        <reference source="DISA" ref_id="KNOX-01-000300"/>
        <description>The device lock function prevents further access to the system by initiating a session lock after a period of inactivity or upon receiving a request from a user. The device lock is retained until the user reestablishes access using established identification and authentication procedures.</description>
      </metadata>
      <criteria operator="AND">
        <criterion comment="Verify that the max time to lock is set to 15 minutes or less." test_ref="oval:test.android.knox.stig:tst:300"/>
        <criterion comment="Verify that the max time to lock is set to greater than 0." test_ref="oval:test.android.knox.stig:tst:3001"/>
      </criteria>
    </definition>
    <!-- KNOX-01-000400 is redundant given KNOX-01-000200. -->
    <definition id="oval:test.android.knox.stig:def:500" version="1" class="compliance">
      <metadata>
        <title>The mobile operating system must disallow the device unlock password from containing fewer than a specified minimum number of upper case alphabetic characters.</title>
        <affected family="unix">
          <platform>Android</platform>
        </affected>
        <reference source="DISA" ref_id="KNOX-02-000500"/>
        <description>Password complexity or strength refers to how difficult it is to determine a password using a dictionary or brute force attack. Setting minimum numbers of certain types of characters increases password complexity, and therefore makes it more difficult for an adversary to discover the password. In the DoD, the expectation is that the setting will range from a minimum of 1 to 2 upper case alphabetic characters in the device unlock password. The parameter should be selected based on a risk assessment that weighs factors, such as the environments the device will be located and operational requirements for users to access data in a timely manner.</description>
      </metadata>
      <criteria operator="AND">
        <criterion comment="Verify that the passcode minimum uppercase characters policy is set to at least 1, and that the password quality policy is PASSWORD_QUALITY_COMPLEX." test_ref="oval:test.android.knox.stig:tst:500"/>
      </criteria>
    </definition>
    <definition id="oval:test.android.knox.stig:def:600" version="1" class="compliance">
      <metadata>
        <title>The mobile operating system must disallow the device unlock password from containing fewer than a specified minimum number of lower case alphabetic characters.</title>
        <affected family="unix">
          <platform>Android</platform>
        </affected>
        <reference source="DISA" ref_id="KNOX-02-000600"/>
        <description>Password complexity or strength refers to how difficult it is to determine a password using a dictionary or brute force attack. Setting minimum numbers of certain types of characters increases password complexity, and therefore makes it more difficult for an adversary to discover the password. In the DoD, the expectation is that the setting will range from a minimum of 1 to 2 lower case characters in the device unlock password. The parameter should be selected based on a risk assessment that weighs factors, such as the environments the device will be located and operational requirements for users to access data in a timely manner.</description>
      </metadata>
      <criteria operator="AND">
        <criterion comment="Verify that the passcode minimum lowercase characters policy is set to at least 1, and that the password quality policy is PASSWORD_QUALITY_COMPLEX." test_ref="oval:test.android.knox.stig:tst:600"/>
      </criteria>
    </definition>
    <definition id="oval:test.android.knox.stig:def:700" version="1" class="compliance">
      <metadata>
        <title>The mobile operating system must disallow the device unlock password from containing fewer than a specified minimum number of numeric characters.</title>
        <affected family="unix">
          <platform>Android</platform>
        </affected>
        <reference source="DISA" ref_id="KNOX-02-000700"/>
        <description>Security-related parameters are those parameters impacting the security state of the system and include parameters related to the implementation of other IA controls. If these controls are not implemented, the system may be vulnerable to a variety of attacks. The use of an MDM server allows an organization to assign values to Security-related parameters across all the devices it manages. This provides assurance that the required mobile OS security controls are being enforced, and that the device user or an adversary has not modified or disabled the controls. It also greatly increases efficiency and manageability of devices in a large scale environment relative to an environment in which each device must be configured separately.</description>
      </metadata>
      <criteria operator="AND">
        <criterion comment="Verify that the passcode minimum numeric characters policy is set to at least 1, and that the password quality policy is PASSWORD_QUALITY_COMPLEX." test_ref="oval:test.android.knox.stig:tst:700"/>
      </criteria>
    </definition>
    <definition id="oval:test.android.knox.stig:def:800" version="1" class="compliance">
      <metadata>
        <title>The mobile operating system must enforce a maximum lifetime of 120 days for the device unlock password (password age).</title>
        <affected family="unix">
          <platform>Android</platform>
        </affected>
        <reference source="DISA" ref_id="KNOX-02-000800"/>
        <description>Changing passcodes regularly prevents an attacker who has compromised the password from re-using it to regain access. This is an unlikely scenario, but is addressed by setting a password expiration. The IA control only needs to be enforced in product level STIGs if there is a need for such rotation based on the expected operational use of the device.</description>
      </metadata>
      <criteria operator="AND">
        <criterion comment="Verify that the passcode maximum lifetime is set to 120 days or less." test_ref="oval:test.android.knox.stig:tst:800"/>
        <criterion comment="Verify that the passcode maximum lifetime is set to greater than 0." test_ref="oval:test.android.knox.stig:tst:8001"/>
      </criteria>
    </definition>
    <definition id="oval:test.android.knox.stig:def:900" version="1" class="compliance">
      <metadata>
        <title>The mobile operating system must prohibit a user from reusing any of the last five previously used device unlock passwords.</title>
        <affected family="unix">
          <platform>Android</platform>
        </affected>
        <reference source="DISA" ref_id="KNOX-02-000900"/>
        <description>Password complexity, or strength, is a measure of the effectiveness of a password in resisting guessing and brute force attacks. Remembering the prior five device unlock passwords enables the operating system from permitting those passwords to be reused, which increases the resistance against password attacks.</description>
      </metadata>
      <criteria operator="AND">
        <criterion comment="Verify that the password history policy is set to 5 or less." test_ref="oval:test.android.knox.stig:tst:900"/>
      </criteria>
    </definition>
    <!-- KNOX-03-001000 omitted because it requires Knox-specific functionality. -->
    <!-- KNOX-03-001100 omitted because it requires Knox-specific functionality. -->
    <definition id="oval:test.android.knox.stig:def:1200" version="1" class="compliance">
      <metadata>
        <title>The mobile operating system must include organization defined additional, more detailed information in the audit records for audit events identified by type, location, or subject.</title>
        <affected family="unix">
          <platform>Android</platform>
        </affected>
        <reference source="DISA" ref_id="KNOX-04-001200"/>
        <description/>
      </metadata>
      <criteria operator="AND">
        <criterion comment="Verify that USB debugging is disabled." test_ref="oval:test.android.knox.stig:tst:1200"/>
        <!-- The STIG states to check that a policy is in place on the device requiring USB debugging to be disabled.  Such a policy
                is Knox-specific, so we have no check for that here.  Instead we just check that USB debugging is currently disabled at the time of check. -->
      </criteria>
    </definition>
    <!--  KNOX-03-001300 omitted because it requires Knox-specific functionality. -->
    <!--  KNOX-03-001400 omitted because it requires Knox-specific functionality. -->
    <!--  KNOX-04-001500 omitted because it requires Knox-specific functionality. -->
    <!--  KNOX-04-001600 omitted because it requires Knox-specific functionality. -->
    <!--  KNOX-05-001800 omitted because it is a policy for the MDM system itself rather than the device. -->
    <!--  KNOX-06-001900 omitted because it requires Knox-specific functionality. -->
    <definition id="oval:test.android.knox.stig:def:2100" version="1" class="compliance">
      <metadata>
        <title>Only DoD PKI-issued or DoD-approved server authentication certificates may be installed on DoD mobile operating system devices.</title>
        <affected family="unix">
          <platform>Android</platform>
        </affected>
        <reference source="DISA" ref_id="KNOX-07-002100"/>
        <description>If unauthorized device authentication certificates are installed on the device, there is the potential that the device may connect to a rogue device or network. Rogue devices can mimic the behavior of authorized equipment to trick the user into providing authentication credentials, which could then in turn be used to compromise DoD information and networks. Restricting device authentication certificates to an authorized list mitigates the risk of attaching to rogue devices and networks.</description>
      </metadata>
      <criteria operator="AND">
        <criterion comment="Verify that no unauthorized trust anchors (root certificates) are installed on the device." test_ref="oval:test.android.knox.stig:tst:2100"/>
      </criteria>
    </definition>
    <definition id="oval:test.android.knox.stig:def:2200" version="1" class="compliance">
      <metadata>
        <title>The mobile operating system must encrypt all data on the mobile device using AES encryption (AES 128 bit encryption key length is the minimum requirement; AES 256-bit desired).</title>
        <affected family="unix">
          <platform>Android</platform>
        </affected>
        <reference source="DISA" ref_id="KNOX-08-002200"/>
        <description>If data at rest is unencrypted, it is vulnerable to disclosure. Even if the operating system enforces permissions on data access, an adversary can remove non-volatile memory and read it directly, thereby circumventing operating system controls. Encrypting the data ensures that confidentiality is protected even when the operating system is not running. AES encryption with appropriate key lengths provides assurance that the cryptography is adequate.</description>
      </metadata>
      <criteria operator="AND">
        <criterion comment="Verify that a policy is in place requiring the device internal storage to be encrypted and that encryption is currently active." test_ref="oval:test.android.knox.stig:tst:2200"/>
        <!--  Note: The STIG requires the SD card (if applicable) also be encrypted, but that is Knox-specific functionality. -->
      </criteria>
    </definition>
    <definition id="oval:test.android.knox.stig:def:2300" version="1" class="compliance">
      <metadata>
        <title>The mobile operating system must prevent the installation of applications that are not digitally signed with a DoD-approved private key.</title>
        <affected family="unix">
          <platform>Android</platform>
        </affected>
        <reference source="DISA" ref_id="KNOX-12-002300"/>
        <description>Any changes to the hardware, software, and/or firmware components of the information system and/or application can potentially have significant effects on the overall security of the system. Digital signatures on code provide assurance that the code comes from a known source and has not been modified.</description>
      </metadata>
      <criteria operator="AND">
        <criterion comment="Verify that all installed application signatures are associated with a whitelisted application signing certicate." test_ref="oval:test.android.knox.stig:tst:2300"/>
        <!-- Preventing installation of unauthorized applications is Knox-specific functionality. Instead we scan the list of currently installed
				applications looking for unauthorized applications. -->
      </criteria>
    </definition>
    <!--  KNOX-12-002400 appears to be duplicative of KNOX-12-002300. -->
    <definition id="oval:test.android.knox.stig:def:2500" version="1" class="compliance">
      <metadata>
        <title>The mobile operating system must synchronize the internal clock at least once every 24 hours with an authoritative time server or the Global Positioning System.</title>
        <affected family="unix">
          <platform>Android</platform>
        </affected>
        <reference source="DISA" ref_id="KNOX-13-002500"/>
        <description>Determining the correct time a particular application event occurred on a system is critical when conducting forensic analysis and investigating system events.</description>
      </metadata>
      <criteria operator="AND">
        <criterion comment="Verify that the automatic date and time setting is currently enabled." test_ref="oval:test.android.knox.stig:tst:2500"/>
      </criteria>
    </definition>
    <!--  KNOX-13-002600 omitted because it requires Knox-specific functionality. -->
    <!--  KNOX-13-002700 omitted because it requires Knox-specific functionality. -->
    <!--  KNOX-13-002800 omitted because the OVAL schema has no ability at this time to check the proxy server settings. -->
  </definitions>
  <tests>
    <device_settings_test xmlns="http://oval.mitre.org/XMLSchema/x-android-definitions" id="oval:test.android.knox.stig:tst:100" version="1" comment="Check that a whitelisted MDM agent is installed with device admin privileges." check_existence="all_exist" check="all">
      <object object_ref="oval:android.test:obj:13001"/>
      <state state_ref="oval:test.android.knox.stig:ste:100"/>
    </device_settings_test>
    <password_test xmlns="http://oval.mitre.org/XMLSchema/x-android-definitions" id="oval:test.android.knox.stig:tst:200" version="1" comment="Minimum password length" check_existence="all_exist" check="all">
      <object object_ref="oval:android.test:obj:4001"/>
      <state state_ref="oval:test.android.knox.stig:ste:200"/>
    </password_test>
    <password_test xmlns="http://oval.mitre.org/XMLSchema/x-android-definitions" id="oval:test.android.knox.stig:tst:2001" version="1" comment="PASSWORD_QUALITY_NUMERIC" check_existence="all_exist" check="all">
      <object object_ref="oval:android.test:obj:4001"/>
      <state state_ref="oval:test.android.knox.stig:ste:2001"/>
    </password_test>
    <password_test xmlns="http://oval.mitre.org/XMLSchema/x-android-definitions" id="oval:test.android.knox.stig:tst:2002" version="1" comment="PASSWORD_QUALITY_ALPHABETIC" check_existence="all_exist" check="all">
      <object object_ref="oval:android.test:obj:4001"/>
      <state state_ref="oval:test.android.knox.stig:ste:2002"/>
    </password_test>
    <password_test xmlns="http://oval.mitre.org/XMLSchema/x-android-definitions" id="oval:test.android.knox.stig:tst:2003" version="1" comment="PASSWORD_QUALITY_ALPHANUMERIC" check_existence="all_exist" check="all">
      <object object_ref="oval:android.test:obj:4001"/>
      <state state_ref="oval:test.android.knox.stig:ste:2003"/>
    </password_test>
    <password_test xmlns="http://oval.mitre.org/XMLSchema/x-android-definitions" id="oval:test.android.knox.stig:tst:2004" version="1" comment="PASSWORD_QUALITY_COMPLEX" check_existence="all_exist" check="all">
      <object object_ref="oval:android.test:obj:4001"/>
      <state state_ref="oval:test.android.knox.stig:ste:2004"/>
    </password_test>
    <password_test xmlns="http://oval.mitre.org/XMLSchema/x-android-definitions" id="oval:test.android.knox.stig:tst:300" version="1" comment="Device inactivity timeout" check_existence="all_exist" check="all">
      <object object_ref="oval:android.test:obj:4001"/>
      <state state_ref="oval:test.android.knox.stig:ste:300"/>
    </password_test>
    <password_test xmlns="http://oval.mitre.org/XMLSchema/x-android-definitions" id="oval:test.android.knox.stig:tst:3001" version="1" comment="Device inactivity timeout greater than 0" check_existence="all_exist" check="all">
      <object object_ref="oval:android.test:obj:4001"/>
      <state state_ref="oval:test.android.knox.stig:ste:3001"/>
    </password_test>
    <password_test xmlns="http://oval.mitre.org/XMLSchema/x-android-definitions" id="oval:test.android.knox.stig:tst:500" version="1" comment="Minimum password uppercase characters" check_existence="all_exist" check="all">
      <object object_ref="oval:android.test:obj:4001"/>
      <state state_ref="oval:test.android.knox.stig:ste:500"/>
    </password_test>
    <password_test xmlns="http://oval.mitre.org/XMLSchema/x-android-definitions" id="oval:test.android.knox.stig:tst:600" version="1" comment="Minimum password lowercase characters" check_existence="all_exist" check="all">
      <object object_ref="oval:android.test:obj:4001"/>
      <state state_ref="oval:test.android.knox.stig:ste:600"/>
    </password_test>
    <password_test xmlns="http://oval.mitre.org/XMLSchema/x-android-definitions" id="oval:test.android.knox.stig:tst:700" version="1" comment="Minimum password numeric characters" check_existence="all_exist" check="all">
      <object object_ref="oval:android.test:obj:4001"/>
      <state state_ref="oval:test.android.knox.stig:ste:700"/>
    </password_test>
    <password_test xmlns="http://oval.mitre.org/XMLSchema/x-android-definitions" id="oval:test.android.knox.stig:tst:800" version="1" comment="Maximum password lifetime" check_existence="all_exist" check="all">
      <object object_ref="oval:android.test:obj:4001"/>
      <state state_ref="oval:test.android.knox.stig:ste:800"/>
    </password_test>
    <password_test xmlns="http://oval.mitre.org/XMLSchema/x-android-definitions" id="oval:test.android.knox.stig:tst:8001" version="1" comment="Maximum password lifetime" check_existence="all_exist" check="all">
      <object object_ref="oval:android.test:obj:4001"/>
      <state state_ref="oval:test.android.knox.stig:ste:8001"/>
    </password_test>
    <password_test xmlns="http://oval.mitre.org/XMLSchema/x-android-definitions" id="oval:test.android.knox.stig:tst:900" version="1" comment="Minimum password history" check_existence="all_exist" check="all">
      <object object_ref="oval:android.test:obj:4001"/>
      <state state_ref="oval:test.android.knox.stig:ste:900"/>
    </password_test>
    <device_settings_test xmlns="http://oval.mitre.org/XMLSchema/x-android-definitions" id="oval:test.android.knox.stig:tst:1200" version="1" comment="Ensure Android debug bridge disabled." check_existence="all_exist" check="all">
      <object object_ref="oval:android.test:obj:13001"/>
      <state state_ref="oval:test.android.knox.stig:ste:1200"/>
    </device_settings_test>
    <certificate_test xmlns="http://oval.mitre.org/XMLSchema/x-android-definitions" id="oval:test.android.knox.stig:tst:2100" version="1" comment="Ensure only authorized trusted certificates are installed." check_existence="all_exist" check="all">
      <object object_ref="oval:android.test:obj:15001"/>
      <state state_ref="oval:test.android.knox.stig:ste:2100"/>
    </certificate_test>
    <encryption_test xmlns="http://oval.mitre.org/XMLSchema/x-android-definitions" id="oval:test.android.knox.stig:tst:2200" version="1" comment="Enable/disable DAR encryption policy on device" check_existence="all_exist" check="all">
      <object object_ref="oval:android.test:obj:6001"/>
      <state state_ref="oval:test.android.knox.stig:ste:2200"/>
    </encryption_test>
    <app_manager_test xmlns="http://oval.mitre.org/XMLSchema/x-android-definitions" id="oval:test.android.knox.stig:tst:2300" version="1" comment="All apps must be signed by authorized key" check_existence="all_exist" check="all">
      <object object_ref="oval:android.test:obj:8001"/>
      <state state_ref="oval:test.android.knox.stig:ste:2300"/>
    </app_manager_test>
    <device_settings_test xmlns="http://oval.mitre.org/XMLSchema/x-android-definitions" id="oval:test.android.knox.stig:tst:2500" version="1" comment="Check that time synchronization is enabled." check_existence="all_exist" check="all">
      <object object_ref="oval:android.test:obj:13001"/>
      <state state_ref="oval:test.android.knox.stig:ste:2500"/>
    </device_settings_test>
  </tests>
  <objects>
    <system_details_object xmlns="http://oval.mitre.org/XMLSchema/x-android-definitions" id="oval:android.test:obj:3002" version="1" comment="Retrieve the only system_details_item on the system."/>
    <password_object xmlns="http://oval.mitre.org/XMLSchema/x-android-definitions" id="oval:android.test:obj:4001" version="1" comment="Password_item"/>
    <encryption_object xmlns="http://oval.mitre.org/XMLSchema/x-android-definitions" id="oval:android.test:obj:6001" version="1" comment="encryption"/>
    <app_manager_object xmlns="http://oval.mitre.org/XMLSchema/x-android-definitions" id="oval:android.test:obj:8001" version="1" comment="app_manager">
      <package_name operation="pattern match">^.*$</package_name>
      <signing_certificate datatype="binary" operation="not equal">FFFFFF</signing_certificate>
    </app_manager_object>
    <device_settings_object xmlns="http://oval.mitre.org/XMLSchema/x-android-definitions" id="oval:android.test:obj:13001" version="1" comment="device settings"/>
    <network_object xmlns="http://oval.mitre.org/XMLSchema/x-android-definitions" id="oval:android.test:obj:14001" version="1" comment="network object"/>
    <certificate_object xmlns="http://oval.mitre.org/XMLSchema/x-android-definitions" id="oval:android.test:obj:15001" version="1" comment="certificate object"/>
  </objects>
  <states>
    <device_settings_state xmlns="http://oval.mitre.org/XMLSchema/x-android-definitions" id="oval:test.android.knox.stig:ste:100" version="1" comment="Match a whitelisted device_admin MDM app value.">
      <device_admin datatype="string" var_check="at least one" var_ref="oval:test.android.knox.stig:var:100" operation="equals"/>
    </device_settings_state>
    <password_state xmlns="http://oval.mitre.org/XMLSchema/x-android-definitions" id="oval:test.android.knox.stig:ste:200" version="1" comment="Require a minimum password length.">
      <password_min_length datatype="int" operation="greater than or equal" var_check="all" var_ref="oval:test.android.knox.stig:var:9"/>
    </password_state>
    <password_state xmlns="http://oval.mitre.org/XMLSchema/x-android-definitions" id="oval:test.android.knox.stig:ste:2001" version="1">
      <password_quality>PASSWORD_QUALITY_NUMERIC</password_quality>
    </password_state>
    <password_state xmlns="http://oval.mitre.org/XMLSchema/x-android-definitions" id="oval:test.android.knox.stig:ste:2002" version="1">
      <password_quality>PASSWORD_QUALITY_ALPHABETIC</password_quality>
    </password_state>
    <password_state xmlns="http://oval.mitre.org/XMLSchema/x-android-definitions" id="oval:test.android.knox.stig:ste:2003" version="1">
      <password_quality>PASSWORD_QUALITY_ALPHANUMERIC</password_quality>
    </password_state>
    <password_state xmlns="http://oval.mitre.org/XMLSchema/x-android-definitions" id="oval:test.android.knox.stig:ste:2004" version="1">
      <password_quality>PASSWORD_QUALITY_COMPLEX</password_quality>
    </password_state>
    <password_state xmlns="http://oval.mitre.org/XMLSchema/x-android-definitions" id="oval:test.android.knox.stig:ste:300" version="1" comment="Require device inactivity timeout of 15 minutes or less.">
      <screen_lock_timeout datatype="int" operation="less than or equal" var_check="all" var_ref="oval:test.android.knox.stig:var:10"/>
    </password_state>
    <password_state xmlns="http://oval.mitre.org/XMLSchema/x-android-definitions" id="oval:test.android.knox.stig:ste:3001" version="1" comment="Require timeout greater than 0.">
      <screen_lock_timeout datatype="int" operation="greater than">0</screen_lock_timeout>
    </password_state>
    <password_state xmlns="http://oval.mitre.org/XMLSchema/x-android-definitions" id="oval:test.android.knox.stig:ste:500" version="1" comment="Require a minimum number of upper case characters in the password.">
      <password_quality>PASSWORD_QUALITY_COMPLEX</password_quality>
      <password_min_upper_case_letters datatype="int" operation="greater than or equal" var_check="all" var_ref="oval:test.android.knox.stig:var:500"/>
    </password_state>
    <password_state xmlns="http://oval.mitre.org/XMLSchema/x-android-definitions" id="oval:test.android.knox.stig:ste:600" version="1" comment="Require a minimum number of lower case characters in the password.">
      <password_quality>PASSWORD_QUALITY_COMPLEX</password_quality>
      <password_min_lower_case_letters datatype="int" operation="greater than or equal" var_check="all" var_ref="oval:test.android.knox.stig:var:600"/>
    </password_state>
    <password_state xmlns="http://oval.mitre.org/XMLSchema/x-android-definitions" id="oval:test.android.knox.stig:ste:700" version="1" comment="Require a minimum number of numeric characters in the password.">
      <password_quality>PASSWORD_QUALITY_COMPLEX</password_quality>
      <password_min_numeric datatype="int" operation="greater than or equal" var_check="all" var_ref="oval:test.android.knox.stig:var:700"/>
    </password_state>
    <password_state xmlns="http://oval.mitre.org/XMLSchema/x-android-definitions" id="oval:test.android.knox.stig:ste:800" version="1" comment="Require a maximum password lifetime before it must be changed.">
      <password_expiration_timeout datatype="int" operation="less than or equal" var_check="all" var_ref="oval:test.android.knox.stig:var:800"/>
    </password_state>
    <password_state xmlns="http://oval.mitre.org/XMLSchema/x-android-definitions" id="oval:test.android.knox.stig:ste:8001" version="1" comment="Require a maximum password lifetime before it must be changed.">
      <password_expiration_timeout datatype="int" operation="greater than">0</password_expiration_timeout>
    </password_state>
    <password_state xmlns="http://oval.mitre.org/XMLSchema/x-android-definitions" id="oval:test.android.knox.stig:ste:900" version="1" comment="Require prohibiting reuse of any of the last 5 (or more) passwords">
      <password_hist datatype="int" operation="greater than or equal">5</password_hist>
    </password_state>
    <device_settings_state xmlns="http://oval.mitre.org/XMLSchema/x-android-definitions" id="oval:test.android.knox.stig:ste:1200" version="1" comment="Check that USB debugging is disabled">
      <adb_enabled datatype="boolean" operation="equals">false</adb_enabled>
    </device_settings_state>
    <certificate_state xmlns="http://oval.mitre.org/XMLSchema/x-android-definitions" id="oval:test.android.knox.stig:ste:2100" version="1" comment="Check installed trusted certificatates">
      <trusted_certificate datatype="binary" var_check="at least one" var_ref="oval:test.android.knox.stig:var:2100"/>
    </certificate_state>
    <encryption_state xmlns="http://oval.mitre.org/XMLSchema/x-android-definitions" id="oval:test.android.knox.stig:ste:2200" version="1" comment="Require data-at-rest encryption is enabled and active">
      <encryption_policy_enabled datatype="boolean" operation="equals">true</encryption_policy_enabled>
      <encryption_status>ENCRYPTION_STATUS_ACTIVE</encryption_status>
    </encryption_state>
    <app_manager_state xmlns="http://oval.mitre.org/XMLSchema/x-android-definitions" id="oval:test.android.knox.stig:ste:2300" version="1" comment="Match only whitelisted app_manager_item entity values.">
      <signing_certificate datatype="binary" var_check="at least one" var_ref="oval:test.android.knox.stig:var:6"/>
    </app_manager_state>
    <device_settings_state xmlns="http://oval.mitre.org/XMLSchema/x-android-definitions" id="oval:test.android.knox.stig:ste:2500" version="1" comment="Check time synchronization is enabled.">
      <auto_time datatype="boolean" operation="equals">true</auto_time>
    </device_settings_state>
  </states>
  <variables>
    <constant_variable id="oval:test.android.knox.stig:var:6" version="1" datatype="binary" comment="Whitelist of allowed application signer values for KNOX-12-002300">
      <value>308203c6308202aea00302010202021445300d06092a864886f70d01010505003076310b30090603550406130255533111300f06035504081308496c6c696e6f6973311530130603550407130c4c69626572747976696c6c653111300f060355040a13084d6f746f726f6c61310c300a060355040b13034d4462311c301a060355040313134d41503420506c6174666f726d203436362d31301e170d3131303730383137333634325a170d3336303730383137333634325a3079310b30090603550406130255533111300f06035504081308496c6c696e6f6973311530130603550407130c4c69626572747976696c6c653111300f060355040a13084d6f746f726f6c61310c300a060355040b13034d4d49311f301d060355040313164d41503420506c6174666f726d203436362d312d313030820122300d06092a864886f70d01010105000382010f003082010a028201010086a19227c5a83edb39087bf65645fd6fe32e4531bb5323ca141930ea6913c63050c991a67a3584b98d95271b59d61de0d84567a661ea6bf6d8193cbdf882a97e75d50296615948e27feac2fba740c0a45c4a719bc57a6a482d544ca349f02edf658a8cbef44ebca3750090b584b069568142df37dd0e036d594b29906a8deff491c92f5c7e82335e105af1c6dcc4f8eff9b2f85d598c0a3941dd789f1af01fd445c9c3cfc7e711949c8f246e2f3f2fa7754df6494f4a8e89d2525a16f95cffdfeba8af333f54a8ef96aa002dfd6bfd0e8ce1e594be24ca3754e0f5aece73124275d48014f23558bf5558e9850327eed154643833f85aaeb7886257994e982a510203010001a35b3059301f0603551d23041830168014a4b3e27d57c49a05b1c5578d791e7779aea18ebb301106096086480186f8420101040403020410300e0603551d0f0101ff0404030205e030130603551d25040c300a06082b06010505070303300d06092a864886f70d0101050500038201010082e39271332230caa2775321f76ed8f5da20f09efde27ac1fdfa3d5ccf280e326c15a90f7b32360dab4eddc49eecf7c1ba3c28650db829757914a7716526fb485d4e615c760ca4b5b7b69db1d67027ae69ba7e9d3eeb0bb1e5a576ec5f6628549c7c54c58befa4592aea91d01a64a95d5ecb63360971953c671b5001b3fdfc2b22792417114a9ce6c373da4df31d9bc254b9bf554781e4396149ec6344f4cd3b88d959ab8721e6607f7ea3f0278ea3644c3de099345dc2d1d4611d4cea48e5b80aaf561ae11cc55843de47c785b4381168f59a028a2ae2a19ab121cef2ff35766b0f2ed6bebf2fb1440c0967f6b134b8c0c8decb837a39deffb7af19714cd73f</value>
      <value>308203c2308202aaa00302010202021481300d06092a864886f70d01010505003074310b30090603550406130255533111300f06035504081308496c6c696e6f6973311530130603550407130c4c69626572747976696c6c653111300f060355040a13084d6f746f726f6c61310c300a060355040b13034d4462311a3018060355040313114d41503420536861726564203436362d33301e170d3131303730383138333830335a170d3336303730383138333830335a3077310b30090603550406130255533111300f06035504081308496c6c696e6f6973311530130603550407130c4c69626572747976696c6c653111300f060355040a13084d6f746f726f6c61310c300a060355040b13034d4d49311d301b060355040313144d41503420536861726564203436362d332d313030820122300d06092a864886f70d01010105000382010f003082010a0282010100b667c2682e95ac62847e7977928c1da772edc2c4a717218cc31bf436908a94689879dd12dd1f45d68f877e3ceb1edb11c79f6a918182c8963a717919dcace799ff028106ed01f4e86286e9cd0f80e7327c88166135ea5a9310b77c20cf73eb30002e3deded6f25318966592ed3efb54130ccf451c15e8a279d937d2107929918a01f5b720d07b3603538a7450ede62c234e48938a2e02cdc5ff18bfe3d4ff47676d30d4c5873f971acb38c999d40f0e1276239b67231afbef0509a862de3698ecca1c267ae86c933303045cf14343ea880eca5ff50c36b4932c4670fb713f286f8ae423cc46b0590e68b9cd94bff44a94c07d2d4e7eb14887345d81188ccc4570203010001a35b3059301f0603551d230418301680149d24061d14a49cac4281def596d680011e97c644301106096086480186f8420101040403020410300e0603551d0f0101ff0404030205e030130603551d25040c300a06082b06010505070303300d06092a864886f70d0101050500038201010037bfc717852e26cc14c9c51864cdaf5b7e4f7f867b57b74ee47bc72cd87e8a8e77c4280d886714cce96a99143dae5e3de12da63b91537b6e1c530136bb329f964ae962ac4c804cde828a8e10261aa59c93d68409eaf67c6162c490e45edfef0115fec595cca0b2891efafab968a113f87af5b4c1a01656580fb46b7487c13a46db223cac233c2ae8dfd59e646a2dd23f7bd26e21b1e52dee5c41d4cdc31691e9fcc34ac052db5f7083a75c138a031a941bf3f56a6473bfb1063498bead9f1da193056816233fc1f68bce2814e268080315207f4cb8a1daacdae456c32f54cfe9a7436f039f0582034783db065943aee71c286b9125f4ad19b97bd1eb5ca46953</value>
      <value>308203c0308202a8a0030201020202149f300d06092a864886f70d01010505003073310b30090603550406130255533111300f06035504081308496c6c696e6f6973311530130603550407130c4c69626572747976696c6c653111300f060355040a13084d6f746f726f6c61310c300a060355040b13034d446231193017060355040313104d415034204f74686572203436362d35301e170d3131303730383139313135305a170d3336303730383139313135305a3076310b30090603550406130255533111300f06035504081308496c6c696e6f6973311530130603550407130c4c69626572747976696c6c653111300f060355040a13084d6f746f726f6c61310c300a060355040b13034d4d49311c301a060355040313134d415034204f74686572203436362d352d313030820122300d06092a864886f70d01010105000382010f003082010a0282010100c71ed3d2551e7b78649e179f8818604bc7e4296128051b1c36cca35e13c867733baf1e828503f63af8aae3d7ec78970a1addfb0a87c7881fe1940dbd95e649c6d6ba62996718c2f9799da0113df17ed9d622c7946fe9a39de2a8cfbfe198bf8abebcbf7bfe749e4a15e0110d14593f73760b37555f7e26e1442950a5d0a31bc727841de4cc5e14db16c5768260cdaa9c1900961c29998e9cd32554169f757fd9d1403884751d6797489aefd33e900d81ccb1499b64ad9a14a891bdaa5060d9e7066a7b331d371eb5f881c47d97cf96220745ccff385987fbc179b68ba096a4a6eb731f49ae52e1afc87e392921f86645e2bd8f6cb575953aabfcdf89075772710203010001a35b3059301f0603551d230418301680140e8edde64350c887f6a044f49672953e5163a111301106096086480186f8420101040403020410300e0603551d0f0101ff0404030205e030130603551d25040c300a06082b06010505070303300d06092a864886f70d010105050003820101008b2863b3120213b7cbe0b5553fce906366c0bd863d9e2836e489a55e24f72b62e0549531788c6657066132b363e97adfa690cab97cc7e7c383df6cc0b0deb09cb4e89d4985aae276ad3f82d1ebbeb92ef8e61d4184befd314674a52bdacc7ae74593783f253eb42219449c042021185cae4448c57542abfc99fe464c5cb2213df3bf673215637db6d2d3f35fe62a3147d9b43b3c45211db6b3cf5605dca0fff5d0172a6acc756298f9860f8fd370811bd1df3bfb8c6a026a536fde46623f1419843f7a53d151c517e5e9ae55be1efa40f9ff236ad3402ce0ebb61fb6448c3e5f22b42aa4edec2d3b1cc6ff1e84c636ab7cb9816128a4829f105af4b110893c96</value>
      <value>308204433082032ba003020102020900c2e08746644a308d300d06092a864886f70d01010405003074310b3009060355040613025553311330110603550408130a43616c69666f726e6961311630140603550407130d4d6f756e7461696e205669657731143012060355040a130b476f6f676c6520496e632e3110300e060355040b1307416e64726f69643110300e06035504031307416e64726f6964301e170d3038303832313233313333345a170d3336303130373233313333345a3074310b3009060355040613025553311330110603550408130a43616c69666f726e6961311630140603550407130d4d6f756e7461696e205669657731143012060355040a130b476f6f676c6520496e632e3110300e060355040b1307416e64726f69643110300e06035504031307416e64726f696430820120300d06092a864886f70d01010105000382010d00308201080282010100ab562e00d83ba208ae0a966f124e29da11f2ab56d08f58e2cca91303e9b754d372f640a71b1dcb130967624e4656a7776a92193db2e5bfb724a91e77188b0e6a47a43b33d9609b77183145ccdf7b2e586674c9e1565b1f4c6a5955bff251a63dabf9c55c27222252e875e4f8154a645f897168c0b1bfc612eabf785769bb34aa7984dc7e2ea2764cae8307d8c17154d7ee5f64a51a44a602c249054157dc02cd5f5c0e55fbef8519fbe327f0b1511692c5a06f19d18385f5c4dbc2d6b93f68cc2979c70e18ab93866b3bd5db8999552a0e3b4c99df58fb918bedc182ba35e003c1b4b10dd244a8ee24fffd333872ab5221985edab0fc0d0b145b6aa192858e79020103a381d93081d6301d0603551d0e04160414c77d8cc2211756259a7fd382df6be398e4d786a53081a60603551d2304819e30819b8014c77d8cc2211756259a7fd382df6be398e4d786a5a178a4763074310b3009060355040613025553311330110603550408130a43616c69666f726e6961311630140603550407130d4d6f756e7461696e205669657731143012060355040a130b476f6f676c6520496e632e3110300e060355040b1307416e64726f69643110300e06035504031307416e64726f6964820900c2e08746644a308d300c0603551d13040530030101ff300d06092a864886f70d010104050003820101006dd252ceef85302c360aaace939bcff2cca904bb5d7a1661f8ae46b2994204d0ff4a68c7ed1a531ec4595a623ce60763b167297a7ae35712c407f208f0cb109429124d7b106219c084ca3eb3f9ad5fb871ef92269a8be28bf16d44c8d9a08e6cb2f005bb3fe2cb96447e868e731076ad45b33f6009ea19c161e62641aa99271dfd5228c5c587875ddb7f452758d661f6cc0cccb7352e424cc4365c523532f7325137593c4ae341f4db41edda0d0b1071a7c440f0fe9ea01cb627ca674369d084bd2fd911ff06cdbf2cfa10dc0f893ae35762919048c7efc64c7144178342f70581c9de573af55b390dd7fdb9418631895d5f759f30112687ff621410c069308a</value>
      <value>308201943081fea003020102020450742738300d06092a864886f70d0101050500300f310d300b0603550403130454657374301e170d3132313030393133333133365a170d3337313030333133333133365a300f310d300b060355040313045465737430819f300d06092a864886f70d010101050003818d00308189028181008ae0f0840087705c4eaa896fe376a0431923517bb76fd09d37e97c8b5fc8a98b5807adaa93205a1720f47d02961aa6463f569244edde1ad711378ff7623ed2244d3a7bde4ceff0312b1a44f7c67cd173135a6de8f88cc45ef5f268e8865651f9c03a6b09783554bc6fc92f5c49c0819b9c438535bd059345fc5644a63cf00b7f0203010001300d06092a864886f70d0101050500038181007be1ff1b6a07232b8a2bbdda0a81c2dd3e2e5d5b3b7ed13b0ab5331124c4c2ec0c7391e83d2086cefb59bf55b761823c5a11c3fbf038282b0d7bdf770283848a6511bd665d4aee9d39dc6cec97daa97e5cf1e7281b5d6578919cccfd9384893e975686dd7fe3e7481a46f134fb9c5ef030b3721735575ddb177ca129c5302633</value>
      <value>30820252308201bb02044934987e300d06092a864886f70d01010405003070310b3009060355040613025553310b3009060355040813024341311630140603550407130d4d6f756e7461696e205669657731143012060355040a130b476f6f676c652c20496e6331143012060355040b130b476f6f676c652c20496e633110300e06035504031307556e6b6e6f776e301e170d3038313230323032303735385a170d3336303431393032303735385a3070310b3009060355040613025553310b3009060355040813024341311630140603550407130d4d6f756e7461696e205669657731143012060355040a130b476f6f676c652c20496e6331143012060355040b130b476f6f676c652c20496e633110300e06035504031307556e6b6e6f776e30819f300d06092a864886f70d010101050003818d00308189028181009f48031990f9b14726384e0453d18f8c0bbf8dc77b2504a4b1207c4c6c44babc00adc6610fa6b6ab2da80e33f2eef16b26a3f6b85b9afaca909ffbbeb3f4c94f7e8122a798e0eba75ced3dd229fa7365f41516415aa9c1617dd583ce19bae8a0bbd885fc17a9b4bd2640805121aadb9377deb40013381418882ec52282fc580d0203010001300d06092a864886f70d0101040500038181004086669ed631da4384ddd061d226e073b98cc4b99df8b5e4be9e3cbe97501e83df1c6fa959c0ce605c4fd2ac6d1c84cede20476cbab19be8f2203aff7717ad652d8fcc890708d1216da84457592649e0e9d3c4bb4cf58da19db1d4fc41bcb9584f64e65f410d0529fd5b68838c141d0a9bd1db1191cb2a0df790ea0cb12db3a4</value>
      <value>30820256308201bf02044c0e78d2300d06092a864886f70d01010405003072310b3009060355040613025553311330110603550408130a43616c69666f726e696131123010060355040713094c6f73204761746f7331163014060355040a130d4e6574666c69782c20496e632e310c300a060355040b1303505044311430120603550403130b505044204275696c646572301e170d3130303630383137303733305a170d3337313032343137303733305a3072310b3009060355040613025553311330110603550408130a43616c69666f726e696131123010060355040713094c6f73204761746f7331163014060355040a130d4e6574666c69782c20496e632e310c300a060355040b1303505044311430120603550403130b505044204275696c64657230819f300d06092a864886f70d010101050003818d0030818902818100aa5844ff2ec469558bc9d5c3218216f1e08384693e89cc4cba54219a142c29b665fc8cc07e289b7c63ce75763ced5edfa3d6a8b4127c471d50996dcf19cec1ba00920d0a98f2425fc0184dcb2c415f417643a46827281de57e3a41a8a5f4bcb47b6c34538f2cd2c425250aaa4083c0a80fc4ef8cf97bf346307b3b644d9d254f0203010001300d06092a864886f70d01010405000381810010aed77de8fbb96e1f023208c74718a6424118e19d4457b5541cc18d7c52ffc6c4fcaa5bbfd0274084fe3e129a3cdd653c9d5e30ac097e7f57b6d62e3e03e8e243b34d3ecbdcdec088fe89064953fc5327bfab68347b2d757444a3c3722b3fec07edf7195b24efc6e2a7b3a85ac857a3fc7b43735aabe23cd2355c3b27f3f36a</value>
      <value>30820265308201cea00302010202044a651484300d06092a864886f70d01010505003077310b3009060355040613025553310b3009060355040813024341311630140603550407130d4d6f756e7461696e2056696577310f300d060355040a1306476f6f676c65310f300d060355040b1306476f6f676c653121301f06035504031318476f6f676c6520457965732d467265652050726f6a656374301e170d3039303732313031303631325a170d3336313230363031303631325a3077310b3009060355040613025553310b3009060355040813024341311630140603550407130d4d6f756e7461696e2056696577310f300d060355040a1306476f6f676c65310f300d060355040b1306476f6f676c653121301f06035504031318476f6f676c6520457965732d467265652050726f6a65637430819f300d06092a864886f70d010101050003818d0030818902818100efe7f26efd5e0947ea58c2b93f7993e036552b83379616ea46c46f2dadcb0653c77918039d9ce7fc03a39a1b5274f49e0917d70f803220f60beeda5ac5c4c161cc60da1600a3462249b4cc908d9cae5c9f27c807e3d95dae0b477fe096f516308f740338506c2e02a5831ab71a207dd026d7e4bfe1d3ec28d8a9d6da004866c10203010001300d06092a864886f70d01010505000381810028b0f1b879cf1fd994d0052a084af7ddb24b945307332b5d6f4483e2c40253889749cb1a97ff732dec12de9e390bea10f50906e1d0cca6a2d8de59c8cf9033d17eef02aedb378da8f7883eecb0aba9b40ba67208b1ad2ecc135cdd819f46a6fcba164ef220149913bb70e8efbfb59eaab65f368bdeecb9cb4edcbde134d148a0</value>
      <value>3082031a308202d702044a76784d300b06072a8648ce38040305003072310b3009060355040613025553310b3009060355040813024341311430120603550407130b53616e746120436c61726131123010060355040a13095468696e6b4672656531193017060355040b1310446576656c6f706d656e74207465616d3111300f06035504031308416c616e20476f6f301e170d3039303830333035343032395a170d3339303732373035343032395a3072310b3009060355040613025553310b3009060355040813024341311430120603550407130b53616e746120436c61726131123010060355040a13095468696e6b4672656531193017060355040b1310446576656c6f706d656e74207465616d3111300f06035504031308416c616e20476f6f308201b83082012c06072a8648ce3804013082011f02818100fd7f53811d75122952df4a9c2eece4e7f611b7523cef4400c31e3f80b6512669455d402251fb593d8d58fabfc5f5ba30f6cb9b556cd7813b801d346ff26660b76b9950a5a49f9fe8047b1022c24fbba9d7feb7c61bf83b57e7c6a8a6150f04fb83f6d3c51ec3023554135a169132f675f3ae2b61d72aeff22203199dd14801c70215009760508f15230bccb292b982a2eb840bf0581cf502818100f7e1a085d69b3ddecbbcab5c36b857b97994afbbfa3aea82f9574c0b3d0782675159578ebad4594fe67107108180b449167123e84c281613b7cf09328cc8a6e13c167a8b547c8d28e0a3ae1e2bb3a675916ea37f0bfa213562f1fb627a01243bcca4f1bea8519089a883dfe15ae59f06928b665e807b552564014c3bfecf492a0381850002818100f885287d772ddc72f94ad7093a01f757c0d740ca57558cd16ffb0aae7ecf782cd89da704143c60ff9ef247e31421fe243f0be9f4f154b964d68a5d4fe2ca31b2ee0afb802a33123ed71a51d0555fb6e3ae6d0ea089c21b0172fbc8ee1502747d24975c038c83ae6ca67a728ceb0db3ebaffc4c8a471ab820080f43de7c478d06300b06072a8648ce3804030500033000302d0214681d0f653b51cbf4cd014abc16813904335e1c0a021500934aa9cf12933d9444f8e0d9ccfc2f63a8769102</value>
      <value>308204433082032ba0030201020209008d62d5748aeb96d8300d06092a864886f70d01010505003074310b3009060355040613025553311330110603550408130a43616c69666f726e6961311630140603550407130d4d6f756e7461696e205669657731143012060355040a130b476f6f676c6520496e632e3110300e060355040b1307416e64726f69643110300e06035504031307416e64726f6964301e170d3131303932363232323630325a170d3339303231313232323630325a3074310b3009060355040613025553311330110603550408130a43616c69666f726e6961311630140603550407130d4d6f756e7461696e205669657731143012060355040a130b476f6f676c6520496e632e3110300e060355040b1307416e64726f69643110300e06035504031307416e64726f696430820120300d06092a864886f70d01010105000382010d00308201080282010100bf06d795b77916a04a664c6ca650a7d0e401f6f9c9f6afdb189592e177fb0e258ba751f45b13bb55924770d5d95bf5e68ba5e34cb6068ed3adc7a3e16979964c5958a7de66c01f782647fbe6f2fe87cb67bd59de1a6b1979d2384f25bf5e67de5093c5ded3cf0a35d30565304bae90f2085933af60ecc29f7c8c753b60878db5878b4f61da23566b26eb388e1be170b320e453c07db5aed6e795c660e6aac12a9c8c111f0d1924280ac62ac03b116cc732f9e444bc461381c9bbd54a187a27bbd5bc7f0ab4613cf92949bac7255e83335c047001006cb5963795621e929a8bf0ed829cb2cbbc190940f3171ee5f356f2c84705ed6917373672e6c738bbb72179020103a381d93081d6301d0603551d0e04160414c27e6168c64b011751951ad5f4d85cb1ac4cfb113081a60603551d2304819e30819b8014c27e6168c64b011751951ad5f4d85cb1ac4cfb11a178a4763074310b3009060355040613025553311330110603550408130a43616c69666f726e6961311630140603550407130d4d6f756e7461696e205669657731143012060355040a130b476f6f676c6520496e632e3110300e060355040b1307416e64726f69643110300e06035504031307416e64726f69648209008d62d5748aeb96d8300c0603551d13040530030101ff300d06092a864886f70d010105050003820101003c9d9c1af1810c2ebfb7b30023a81212888082132b8566dae067aab8e08f0168cf5c7d4e12670e6f8942b8a0f45dad9aaf00968483ef49e0e441d4d32a5e2c1f2dec70b5414c3710b5b4c19aa5ce74d5a2b5dad1ddc099397d71c929f49b5b12b19407f8b383d0f06e2ee2503521fbdb6c099cfe137217a01e4e83e76d9ad48dfa26ba5b39c04ae5fd679e93ea4cdc4f3742d2203195b5f68a5d2972b0939e891bedcb4342378dc161a8557fa3ed4a79842e95b431accc3518eb9c83bd9f5fd2b078dc88a7a18b598594f1179ecf1cd57aa3ad012beaa08bc166055e79b0e683fbf278a8065ac9a5a2f7fe852ff000fca6842e8a46d93d99272c90e64cf0abb3</value>
      <value>308204433082032ba0030201020209009b89f0034a0421e9300d06092a864886f70d01010505003074310b3009060355040613025553311330110603550408130a43616c69666f726e6961311630140603550407130d4d6f756e7461696e205669657731143012060355040a130b476f6f676c6520496e632e3110300e060355040b1307416e64726f69643110300e06035504031307416e64726f6964301e170d3131303932363232323632305a170d3339303231313232323632305a3074310b3009060355040613025553311330110603550408130a43616c69666f726e6961311630140603550407130d4d6f756e7461696e205669657731143012060355040a130b476f6f676c6520496e632e3110300e060355040b1307416e64726f69643110300e06035504031307416e64726f696430820120300d06092a864886f70d01010105000382010d00308201080282010100d69df2405e2f19a9d267ef22bac6b37a3d7a1136b8bc1bb3b7a25c89cc13f5d082a67b4f7c3e8f491ae6f9983fa2484be9e89b53dcd1ac807347f4e0efad0b8781a30025668091da684fa93bf107bcea96d3599883efbef4cc5eb8ed17cdaa3a6bf531b123fac1449957d6093bd972dcde15d494581d6c8f9af8541d3df6525c9c5b687e419571e85cab0fddb07ea3b531e186b125cd73cef0288f163b0c2335c66bc5f1f37c209577921ddae4a87996ae0b002c5167fd7485a4be5931916928de6b9077f568b00fe8758b7346e985a6428a357676404727cbdc51c3fc925453927e7de1cc71898cc86bc8faf82cb580b830dc840c46bc6594d938c293d2dd55020103a381d93081d6301d0603551d0e04160414639b025fb727759c5318067acf9920c454f943553081a60603551d2304819e30819b8014639b025fb727759c5318067acf9920c454f94355a178a4763074310b3009060355040613025553311330110603550408130a43616c69666f726e6961311630140603550407130d4d6f756e7461696e205669657731143012060355040a130b476f6f676c6520496e632e3110300e060355040b1307416e64726f69643110300e06035504031307416e64726f69648209009b89f0034a0421e9300c0603551d13040530030101ff300d06092a864886f70d010105050003820101000b1c0ded0b134fe5ae5ae0a0166e571b84439c28c18c4750568d0b9f6da44c6fbfd287d673d9bb77e11fab762c8bb605cd41c576890055875ab2f1dcded5e8e3d3c36c4b28313cff17989b86c08e25cce5ccc390688aa56a831775381e0af9a38c6de86494bbde4baa077809cfb2749022a3015408504479c0c4c9e20688bfc44c5e080a19fc5cbb637bf06f7ed2a0649e1562a1408b71a20123b7b94f25f6f9333e266bad975d63a3d949ded5e7a21cfb4c79de9a839efb77aab2502dd2e9e54b03925b47e08bc275614bcf472e63f954606e8e1f2325dfb7dd7f3e2debbff1d92f64a6aacc1c236daa490aca2458582e23b2b4a185cbfd5630d6ef1e19bd63</value>
      <value>308204433082032ba003020102020900a840c8ea3a506998300d06092a864886f70d01010505003074310b3009060355040613025553311330110603550408130a43616c69666f726e6961311630140603550407130d4d6f756e7461696e205669657731143012060355040a130b476f6f676c6520496e632e3110300e060355040b1307416e64726f69643110300e06035504031307416e64726f6964301e170d3131303932363232323633355a170d3339303231313232323633355a3074310b3009060355040613025553311330110603550408130a43616c69666f726e6961311630140603550407130d4d6f756e7461696e205669657731143012060355040a130b476f6f676c6520496e632e3110300e060355040b1307416e64726f69643110300e06035504031307416e64726f696430820120300d06092a864886f70d01010105000382010d00308201080282010100bef52f9b85543c216f8ad871bdfe0027078da39fd385ee199623b97d9b15593ea5778e4ea5b68420a7dcd6861b42066f3a0aa74b1bfa7a17b14bce7f98984154b5dccbb41c7d2e1bf299cc01c71ae103f3ef0f6dff047e86c440d6c38c435384b33f36dde6a195b013de1ab777b832658cc21e42ee360303e51ed31e890cce3cc4f65378fe5443543432b4092807699c7a26db1566ca0d525782e9f4bc267edbc7bd19ebdfa3fb4c1c8a32bde23c254aea1af12736022c732626f30c8714d2a2a3012c5a62610d36f7e008e135ee14808613688959849bb1bcab1dd6a5d6ffcfd025dc584e66c4e05eba83df48210f58a3f94d3557eeef14d92945df81ab9e95020103a381d93081d6301d0603551d0e041604146cb4edf3b88066a8eee2bb0dbd833e4dd18b85c83081a60603551d2304819e30819b80146cb4edf3b88066a8eee2bb0dbd833e4dd18b85c8a178a4763074310b3009060355040613025553311330110603550408130a43616c69666f726e6961311630140603550407130d4d6f756e7461696e205669657731143012060355040a130b476f6f676c6520496e632e3110300e060355040b1307416e64726f69643110300e06035504031307416e64726f6964820900a840c8ea3a506998300c0603551d13040530030101ff300d06092a864886f70d010105050003820101006e0947cee20a4fce7f60c415092c5f65a8fa3e29c074196a6e83385bf634bacff34d83fb82a02c68c24459438c70fd082c73140c717532127e667079aaac9b76275b118f025361829eb80694b963c3efe647c407cf8502417722e65a9fb7313d7e213761d322b120544c4c501ffcffac53412cb15fdbb668c4a803de7c76e81543524077f3b5ef236a43a5c000469a3b008367703143179a4a68f40f1c0f4a1a53ddd8c7f8d571a53cda9010937dd513962aeafe720147a3a97570effafd1dc0bfb123feffb339e3c825bd3b76927d30e2e218d713b2fb001b2f8a5a94046d11a92f82b9bd94db1079026f6aebf1caf79ce1fed8c12283ce0d0cbceb2767e5fe</value>
      <value>308204433082032ba003020102020900ab1360f5ce88248b300d06092a864886f70d01010505003074310b3009060355040613025553311330110603550408130a43616c69666f726e6961311630140603550407130d4d6f756e7461696e205669657731143012060355040a130b476f6f676c6520496e632e3110300e060355040b1307416e64726f69643110300e06035504031307416e64726f6964301e170d3131303932363232323534305a170d3339303231313232323534305a3074310b3009060355040613025553311330110603550408130a43616c69666f726e6961311630140603550407130d4d6f756e7461696e205669657731143012060355040a130b476f6f676c6520496e632e3110300e060355040b1307416e64726f69643110300e06035504031307416e64726f696430820120300d06092a864886f70d01010105000382010d00308201080282010100c8b7c0b9c548723a0fb94733c26d721047f847b77b8390d98304ea64b75adc266c7180392ba97f81fe8c4952d06f2a08fbb8fbac0a4af12a68ec3cfa4aec079f6796a8dbcbb3793dfd74c08bf89cd06885719bc2cf3d5e6d00b319a89debe91f3c54658ef2baaa917e07645b3f465f3ef6fbec8c3565055d92e20125b7588404266f7cbe028c141f4ed4f065e0c4a4cec8fdcff879234c455d015edd1c7536df97a1cba216b7ee9f4c0724821adb008a3d4ee35ca2c01934f4ca87c068c7f95bdf72ec8ecf302bfc83373054d25df94240a15cc0b22f2c7d6af78f272bafff8891373c2fff0e5f63bfe0ba0a8717efd3092ae1a1c15d9461afbd292887b38f45020103a381d93081d6301d0603551d0e041604143a64fb35481d477ebbf49f482ad3fe3cb155d51c3081a60603551d2304819e30819b80143a64fb35481d477ebbf49f482ad3fe3cb155d51ca178a4763074310b3009060355040613025553311330110603550408130a43616c69666f726e6961311630140603550407130d4d6f756e7461696e205669657731143012060355040a130b476f6f676c6520496e632e3110300e060355040b1307416e64726f69643110300e06035504031307416e64726f6964820900ab1360f5ce88248b300c0603551d13040530030101ff300d06092a864886f70d01010505000382010100272aa5b65663ae889d7023e6b923956ba69a603ba2966434140b56f5d8c3108732021e3356f7f27f16f6d9deec09d79ae39f0bfe020f061d8b9a90e8751d48d6e00d79eaacbda5e70fc817c914c6ee65469ef0247f8374b3dadc1b905376f0f5103087d2d53fb06be52c5754f447a2a0e2e7d431e5d38419515f75dd142e4f5618d0370a74d7575216f7cd703b8e6877df1b1634d729ab6fa73e4c79a589e758a7211eafadfd07045e7a96f50a858189079200deb58e1adb24c8ae1fae98a6edab679856073d35ab9a194c071a1d659c852f06c37245f0f4676b27a82df844bf2c28e5364f5db9471828e29b42d05c35d349c51f1895fcd64d76f96cce28e890</value>
      <value>308204433082032ba003020102020900c2e08746644a308d300d06092a864886f70d01010405003074310b3009060355040613025553311330110603550408130a43616c69666f726e6961311630140603550407130d4d6f756e7461696e205669657731143012060355040a130b476f6f676c6520496e632e3110300e060355040b1307416e64726f69643110300e06035504031307416e64726f6964301e170d3038303832313233313333345a170d3336303130373233313333345a3074310b3009060355040613025553311330110603550408130a43616c69666f726e6961311630140603550407130d4d6f756e7461696e205669657731143012060355040a130b476f6f676c6520496e632e3110300e060355040b1307416e64726f69643110300e06035504031307416e64726f696430820120300d06092a864886f70d01010105000382010d00308201080282010100ab562e00d83ba208ae0a966f124e29da11f2ab56d08f58e2cca91303e9b754d372f640a71b1dcb130967624e4656a7776a92193db2e5bfb724a91e77188b0e6a47a43b33d9609b77183145ccdf7b2e586674c9e1565b1f4c6a5955bff251a63dabf9c55c27222252e875e4f8154a645f897168c0b1bfc612eabf785769bb34aa7984dc7e2ea2764cae8307d8c17154d7ee5f64a51a44a602c249054157dc02cd5f5c0e55fbef8519fbe327f0b1511692c5a06f19d18385f5c4dbc2d6b93f68cc2979c70e18ab93866b3bd5db8999552a0e3b4c99df58fb918bedc182ba35e003c1b4b10dd244a8ee24fffd333872ab5221985edab0fc0d0b145b6aa192858e79020103a381d93081d6301d0603551d0e04160414c77d8cc2211756259a7fd382df6be398e4d786a53081a60603551d2304819e30819b8014c77d8cc2211756259a7fd382df6be398e4d786a5a178a4763074310b3009060355040613025553311330110603550408130a43616c69666f726e6961311630140603550407130d4d6f756e7461696e205669657731143012060355040a130b476f6f676c6520496e632e3110300e060355040b1307416e64726f69643110300e06035504031307416e64726f6964820900c2e08746644a308d300c0603551d13040530030101ff300d06092a864886f70d010104050003820101006dd252ceef85302c360aaace939bcff2cca904bb5d7a1661f8ae46b2994204d0ff4a68c7ed1a531ec4595a623ce60763b167297a7ae35712c407f208f0cb109429124d7b106219c084ca3eb3f9ad5fb871ef92269a8be28bf16d44c8d9a08e6cb2f005bb3fe2cb96447e868e731076ad45b33f6009ea19c161e62641aa99271dfd5228c5c587875ddb7f452758d661f6cc0cccb7352e424cc4365c523532f7325137593c4ae341f4db41edda0d0b1071a7c440f0fe9ea01cb627ca674369d084bd2fd911ff06cdbf2cfa10dc0f893ae35762919048c7efc64c7144178342f70581c9de573af55b390dd7fdb9418631895d5f759f30112687ff621410c069308a</value>
    </constant_variable>
    <constant_variable id="oval:test.android.knox.stig:var:100" version="1" datatype="string" comment="Whitelist of allowed MDM apps for KNOX-00-000100">
      <value>com.airwatch.androidagent</value>
      <value>com.mobileiron</value>
    </constant_variable>
    <constant_variable id="oval:test.android.knox.stig:var:8" version="1" datatype="int" comment="Minimum number of allowed incorrect password attempts before device wipe for V-36088, V-36132">
      <value>5</value>
    </constant_variable>
    <constant_variable id="oval:test.android.knox.stig:var:9" version="1" datatype="int" comment="Minimum passcode length">
      <value>8</value>
    </constant_variable>
    <constant_variable id="oval:test.android.knox.stig:var:10" version="1" datatype="int" comment="Max inactivity before device lock">
      <value>900000</value>
      <!--  15 minutes in milliseconds -->
    </constant_variable>
    <constant_variable id="oval:test.android.knox.stig:var:500" version="1" datatype="int" comment="Minimum number of uppercase letters in password">
      <value>1</value>
    </constant_variable>
    <constant_variable id="oval:test.android.knox.stig:var:600" version="1" datatype="int" comment="Minimum number of lowercase letters in password">
      <value>1</value>
    </constant_variable>
    <constant_variable id="oval:test.android.knox.stig:var:700" version="1" datatype="int" comment="Minimum number of numeric characters in password">
      <value>1</value>
    </constant_variable>
    <constant_variable id="oval:test.android.knox.stig:var:800" version="1" datatype="int" comment="Maximum password lifetime in milliseconds before it must be changed">
      <value>10368000000</value>
      <!-- 10368000000 is 120 days in milliseconds -->
    </constant_variable>
    <constant_variable id="oval:test.android.knox.stig:var:2100" version="1" datatype="binary" comment="Whitelist of allowed trust anchors (root certificates) installed on device">
      <value>308203c6308202aea00302010202021445300d06092a864886f70d01010505003076310b30090603550406130255533111300f06035504081308496c6c696e6f6973311530130603550407130c4c69626572747976696c6c653111300f060355040a13084d6f746f726f6c61310c300a060355040b13034d4462311c301a060355040313134d41503420506c6174666f726d203436362d31301e170d3131303730383137333634325a170d3336303730383137333634325a3079310b30090603550406130255533111300f06035504081308496c6c696e6f6973311530130603550407130c4c69626572747976696c6c653111300f060355040a13084d6f746f726f6c61310c300a060355040b13034d4d49311f301d060355040313164d41503420506c6174666f726d203436362d312d313030820122300d06092a864886f70d01010105000382010f003082010a028201010086a19227c5a83edb39087bf65645fd6fe32e4531bb5323ca141930ea6913c63050c991a67a3584b98d95271b59d61de0d84567a661ea6bf6d8193cbdf882a97e75d50296615948e27feac2fba740c0a45c4a719bc57a6a482d544ca349f02edf658a8cbef44ebca3750090b584b069568142df37dd0e036d594b29906a8deff491c92f5c7e82335e105af1c6dcc4f8eff9b2f85d598c0a3941dd789f1af01fd445c9c3cfc7e711949c8f246e2f3f2fa7754df6494f4a8e89d2525a16f95cffdfeba8af333f54a8ef96aa002dfd6bfd0e8ce1e594be24ca3754e0f5aece73124275d48014f23558bf5558e9850327eed154643833f85aaeb7886257994e982a510203010001a35b3059301f0603551d23041830168014a4b3e27d57c49a05b1c5578d791e7779aea18ebb301106096086480186f8420101040403020410300e0603551d0f0101ff0404030205e030130603551d25040c300a06082b06010505070303300d06092a864886f70d0101050500038201010082e39271332230caa2775321f76ed8f5da20f09efde27ac1fdfa3d5ccf280e326c15a90f7b32360dab4eddc49eecf7c1ba3c28650db829757914a7716526fb485d4e615c760ca4b5b7b69db1d67027ae69ba7e9d3eeb0bb1e5a576ec5f6628549c7c54c58befa4592aea91d01a64a95d5ecb63360971953c671b5001b3fdfc2b22792417114a9ce6c373da4df31d9bc254b9bf554781e4396149ec6344f4cd3b88d959ab8721e6607f7ea3f0278ea3644c3de099345dc2d1d4611d4cea48e5b80aaf561ae11cc55843de47c785b4381168f59a028a2ae2a19ab121cef2ff35766b0f2ed6bebf2fb1440c0967f6b134b8c0c8decb837a39deffb7af19714cd73f</value>
      <value>308203c2308202aaa00302010202021481300d06092a864886f70d01010505003074310b30090603550406130255533111300f06035504081308496c6c696e6f6973311530130603550407130c4c69626572747976696c6c653111300f060355040a13084d6f746f726f6c61310c300a060355040b13034d4462311a3018060355040313114d41503420536861726564203436362d33301e170d3131303730383138333830335a170d3336303730383138333830335a3077310b30090603550406130255533111300f06035504081308496c6c696e6f6973311530130603550407130c4c69626572747976696c6c653111300f060355040a13084d6f746f726f6c61310c300a060355040b13034d4d49311d301b060355040313144d41503420536861726564203436362d332d313030820122300d06092a864886f70d01010105000382010f003082010a0282010100b667c2682e95ac62847e7977928c1da772edc2c4a717218cc31bf436908a94689879dd12dd1f45d68f877e3ceb1edb11c79f6a918182c8963a717919dcace799ff028106ed01f4e86286e9cd0f80e7327c88166135ea5a9310b77c20cf73eb30002e3deded6f25318966592ed3efb54130ccf451c15e8a279d937d2107929918a01f5b720d07b3603538a7450ede62c234e48938a2e02cdc5ff18bfe3d4ff47676d30d4c5873f971acb38c999d40f0e1276239b67231afbef0509a862de3698ecca1c267ae86c933303045cf14343ea880eca5ff50c36b4932c4670fb713f286f8ae423cc46b0590e68b9cd94bff44a94c07d2d4e7eb14887345d81188ccc4570203010001a35b3059301f0603551d230418301680149d24061d14a49cac4281def596d680011e97c644301106096086480186f8420101040403020410300e0603551d0f0101ff0404030205e030130603551d25040c300a06082b06010505070303300d06092a864886f70d0101050500038201010037bfc717852e26cc14c9c51864cdaf5b7e4f7f867b57b74ee47bc72cd87e8a8e77c4280d886714cce96a99143dae5e3de12da63b91537b6e1c530136bb329f964ae962ac4c804cde828a8e10261aa59c93d68409eaf67c6162c490e45edfef0115fec595cca0b2891efafab968a113f87af5b4c1a01656580fb46b7487c13a46db223cac233c2ae8dfd59e646a2dd23f7bd26e21b1e52dee5c41d4cdc31691e9fcc34ac052db5f7083a75c138a031a941bf3f56a6473bfb1063498bead9f1da193056816233fc1f68bce2814e268080315207f4cb8a1daacdae456c32f54cfe9a7436f039f0582034783db065943aee71c286b9125f4ad19b97bd1eb5ca46953</value>
    </constant_variable>
  </variables>
</oval_definitions>
